#
# A fatal error has been detected by the Java Runtime Environment:
#
#  EXCEPTION_ACCESS_VIOLATION (0xc0000005) at pc=0x00007ff82b843004, pid=7432, tid=17360
#
# JRE version: OpenJDK Runtime Environment (24.0+36) (build 24+36-3646)
# Java VM: OpenJDK 64-Bit Server VM (24+36-3646, mixed mode, sharing, tiered, compressed oops, compressed class ptrs, g1 gc, windows-amd64)
# Problematic frame:
# C  [libasyncProfiler.dll+0x93004]
#
# No core dump will be written. Minidumps are not enabled by default on client versions of Windows
#
# JFR recording file will be written. Location: D:\git\springweb\hs_err_pid7432.jfr
#
# If you would like to submit a bug report, please visit:
#   https://bugreport.java.com/bugreport/crash.jsp
# The crash happened outside the Java Virtual Machine in native code.
# See problematic frame for where to report the bug.
#

---------------  S U M M A R Y ------------

Command Line: -ea -Didea.test.cyclic.buffer.size=1048576 -javaagent:E:\IntelliJ IDEA 2024.3.5\lib\idea_rt.jar=53686 -javaagent:C:\Users\vinif\AppData\Local\JetBrains\IntelliJIdea2024.3\captureAgent\debugger-agent.jar -Dkotlinx.coroutines.debug.enable.creation.stack.trace=false -Ddebugger.agent.enable.coroutines=true -Dkotlinx.coroutines.debug.enable.flows.stack.trace=true -Dkotlinx.coroutines.debug.enable.mutable.state.flows.stack.trace=true -agentpath:C:\Users\vinif\AppData\Local\Temp\idea_libasyncProfiler_dll_temp_folder1\libasyncProfiler.dll=start,jfr,event=wall,interval=10ms,jfrsync=profile,cstack=no,file=C:\Users\vinif\IdeaSnapshots\UserServiceTest_2025_09_07_145012.jfr,dbghelppath=C:\Users\vinif\AppData\Local\Temp\idea_dbghelp_dll_temp_folder\dbghelp.dll,log=C:\Users\vinif\AppData\Local\Temp\UserServiceTest_2025_09_07_145012.jfr.log.txt,logLevel=DEBUG -Dfile.encoding=UTF-8 -Dsun.stdout.encoding=UTF-8 -Dsun.stderr.encoding=UTF-8 com.intellij.rt.junit.JUnitStarter -ideVersion5 -junit5 com.example.springweb.service.UserServiceTest

Host: AMD Ryzen 5 3600X 6-Core Processor             , 12 cores, 15G,  Windows 11 , 64 bit Build 26100 (10.0.26100.4768)
Time: Sun Sep  7 14:50:12 2025 E. Europe Daylight Time elapsed time: 0.544200 seconds (0d 0h 0m 0s)

---------------  T H R E A D  ---------------

Current thread (0x0000020be1a9e340):  JavaThread "main"             [_thread_in_native, id=17360, stack(0x0000003ee5c00000,0x0000003ee5d00000) (1024K)]

Stack: [0x0000003ee5c00000,0x0000003ee5d00000],  sp=0x0000003ee5cfead0,  free space=1018k
Native frames: (J=compiled Java code, j=interpreted, Vv=VM code, C=native code)
C  [libasyncProfiler.dll+0x93004]  (no source info available)
C  [libasyncProfiler.dll+0x934db]  (no source info available)
C  [libasyncProfiler.dll+0x92134]  (no source info available)
C  [libasyncProfiler.dll+0x929aa]  (no source info available)
C  [libasyncProfiler.dll+0x8d561]  (no source info available)
C  [libasyncProfiler.dll+0x7ef21]  (no source info available)
C  [libasyncProfiler.dll+0x7dc38]  (no source info available)
C  [libasyncProfiler.dll+0x7db20]  (no source info available)
C  [libasyncProfiler.dll+0x83c3c]  (no source info available)
V  [jvm.dll+0x5e3a5e]  (no source info available)
V  [jvm.dll+0x8861e6]  (no source info available)
V  [jvm.dll+0x49604e]  (no source info available)
V  [jvm.dll+0x497e21]  (no source info available)
C  [jli.dll+0x52a1]  (no source info available)
C  [ucrtbase.dll+0x37b0]  (no source info available)
C  [KERNEL32.DLL+0x2e8d7]  (no source info available)
C  [ntdll.dll+0x3c34c]  (no source info available)


siginfo: EXCEPTION_ACCESS_VIOLATION (0xc0000005), reading address 0xffffffffffffffff


Registers:
RAX=0x0000000000000010, RBX=0x0000000000000000, RCX=0xffffffffffffffff, RDX=0x007fff98922ff010
RSP=0x0000003ee5cfead0, RBP=0x0000020bc80545e8, RSI=0x0000003ee5cfec40, RDI=0x0000020bc80545e8
R8 =0x0000000000000042, R9 =0x0000000710a01ee8, R10=0x00007fff98b99fc0, R11=0x0000000000000004
R12=0x0000003ee5cfec40, R13=0x0000020be1f14da0, R14=0x0000020be1a9e708, R15=0x0000020be1a9e708
RIP=0x00007ff82b843004, EFLAGS=0x0000000000010202

XMM[0]=0x0000000000000000 0x0000000000000000
XMM[1]=0x0000000000000000 0x0000000000000000
XMM[2]=0x0000000000000000 0x0000000000000000
XMM[3]=0x0000000000000000 0x0000000000000000
XMM[4]=0x0000000000000000 0x0000000000000000
XMM[5]=0x0000000000000000 0x0000000000000000
XMM[6]=0x0000000000000000 0x0000000000000000
XMM[7]=0x0000000000000000 0x0000000000000000
XMM[8]=0x0000000000000000 0x0000000000000000
XMM[9]=0x0000000000000000 0x0000000000000000
XMM[10]=0x0000000000000000 0x0000000000000000
XMM[11]=0x0000000000000000 0x0000000000000000
XMM[12]=0x0000000000000000 0x0000000000000000
XMM[13]=0x0000000000000000 0x0000000000000000
XMM[14]=0x0000000000000000 0x0000000000000000
XMM[15]=0x0000000000000000 0x0000000000000000
  MXCSR=0x00001fa0


Register to memory mapping:

RAX=0x0000000000000010 is an unknown value
RBX=0x0 is null
RCX=0xffffffffffffffff is an unknown value
RDX=0x007fff98922ff010 is an unknown value
RSP=0x0000003ee5cfead0 is pointing into the stack for thread: 0x0000020be1a9e340
RBP=0x0000020bc80545e8 points into unknown readable memory: 0x0000000710a01ee8 | e8 1e a0 10 07 00 00 00
RSI=0x0000003ee5cfec40 is pointing into the stack for thread: 0x0000020be1a9e340
RDI=0x0000020bc80545e8 points into unknown readable memory: 0x0000000710a01ee8 | e8 1e a0 10 07 00 00 00
R8 =0x0000000000000042 is an unknown value
R9 =0x0000000710a01ee8 is an oop: java.lang.Thread 
{0x0000000710a01ee8} - klass: 'java/lang/Thread' - flags: 

 - ---- fields (total size 14 words):
 - 'threadLocalRandomProbe' 'I' @12  0 (0x00000000)
 - private volatile 'eetop' 'J' @16  2250053903168 (0x0000020be1a9e340)
 - private final 'tid' 'J' @24  3 (0x0000000000000003)
 - 'threadLocalRandomSeed' 'J' @32  0 (0x0000000000000000)
 - injected 'jvmti_thread_state' 'J' @40  2248456622912 (0x0000020b82755340)
 - 'threadLocalRandomSecondarySeed' 'I' @48  0 (0x00000000)
 - injected 'jvmti_VTMS_transition_disable_count' 'I' @52  0 (0x00000000)
 - injected 'jfr_epoch' 'S' @56  0 (0x0000)
 - volatile 'interrupted' 'Z' @58  false (0x00)
 - injected 'jvmti_is_in_VTMS_transition' 'Z' @59  false (0x00)
 - private volatile 'name' 'Ljava/lang/String;' @60  "main"{0x0000000710a01f58} (0xe21403eb)
 - private volatile 'contextClassLoader' 'Ljava/lang/ClassLoader;' @64  a 'jdk/internal/loader/ClassLoaders$AppClassLoader'{0x0000000710a3ed18} (0xe2147da3)
 - private final 'holder' 'Ljava/lang/Thread$FieldHolder;' @68  a 'java/lang/Thread$FieldHolder'{0x0000000710a01f98} (0xe21403f3)
 - 'threadLocals' 'Ljava/lang/ThreadLocal$ThreadLocalMap;' @72  a 'java/lang/ThreadLocal$ThreadLocalMap'{0x000000071095b590} (0xe212b6b2)
 - 'inheritableThreadLocals' 'Ljava/lang/ThreadLocal$ThreadLocalMap;' @76  null (0x00000000)
 - private 'scopedValueBindings' 'Ljava/lang/Object;' @80  a 'java/lang/Class'{0x00000007ffe7c280} = 'java/lang/Thread' (0xfffcf850)
 - final 'interruptLock' 'Ljava/lang/Object;' @84  a 'java/lang/Object'{0x0000000710a01f88} (0xe21403f1)
 - private volatile 'parkBlocker' 'Ljava/lang/Object;' @88  null (0x00000000)
 - private 'nioBlocker' 'Lsun/nio/ch/Interruptible;' @92  null (0x00000000)
 - private 'cont' 'Ljdk/internal/vm/Continuation;' @96  null (0x00000000)
 - private volatile 'uncaughtExceptionHandler' 'Ljava/lang/Thread$UncaughtExceptionHandler;' @100  null (0x00000000)
 - private 'container' 'Ljdk/internal/vm/ThreadContainer;' @104  null (0x00000000)
 - private volatile 'headStackableScopes' 'Ljdk/internal/vm/StackableScope;' @108  null (0x00000000)
R10=0x00007fff98b99fc0 jvm.dll
R11=0x0000000000000004 is an unknown value
R12=0x0000003ee5cfec40 is pointing into the stack for thread: 0x0000020be1a9e340
R13=0x0000020be1f14da0 points into unknown readable memory: 0x00007fff98b0a510 | 10 a5 b0 98 ff 7f 00 00
R14=0x0000020be1a9e708 points into unknown readable memory: 0x00007fff98b017b0 | b0 17 b0 98 ff 7f 00 00
R15=0x0000020be1a9e708 points into unknown readable memory: 0x00007fff98b017b0 | b0 17 b0 98 ff 7f 00 00

Top of Stack: (sp=0x0000003ee5cfead0)
0x0000003ee5cfead0:   0000003ee5cfec40 0000020bc80545e8   @...>....E......
0x0000003ee5cfeae0:   0000000000000000 0000020be1f08290   ................
0x0000003ee5cfeaf0:   000000000000001a 00007ff82b8434db   .........4.+....
0x0000003ee5cfeb00:   0000000000000000 0000020be1a9e708   ................
0x0000003ee5cfeb10:   0000003ee5cfec01 0000000000000000   ....>...........
0x0000003ee5cfeb20:   0000020bc9c139f0 00007ff82b842134   .9......4!.+....
0x0000003ee5cfeb30:   0000000000000000 000000000000001a   ................
0x0000003ee5cfeb40:   0000000000000000 000000000000001a   ................
0x0000003ee5cfeb50:   0000000900000002 0000020bc9dd7180   .........q......
0x0000003ee5cfeb60:   0000020bc9c139f0 0000020bc9c13a58   .9......X:......
0x0000003ee5cfeb70:   0000020bc9c13a60 0000000000004ea4   `:.......N......
0x0000003ee5cfeb80:   0000000000000000 0000000000000000   ................
0x0000003ee5cfeb90:   0000000000000000 00007fff983658e4   .........X6.....
0x0000003ee5cfeba0:   00007ff82b99ae00 0000000000001d08   ...+............
0x0000003ee5cfebb0:   00007ff82b99ae00 00000000ffffffff   ...+............
0x0000003ee5cfebc0:   0000000000000000 00007ff82b8429aa   .........).+....
0x0000003ee5cfebd0:   0000020be1a9e708 0000000000000000   ................
0x0000003ee5cfebe0:   0000003ee5cfec49 0000020be1f14da0   I...>....M......
0x0000003ee5cfebf0:   0000020b000021b4 0000000000000000   .!..............
0x0000003ee5cfec00:   0000000000000000 00007ff85874f559   ........Y.tX....
0x0000003ee5cfec10:   0000020be1a9e708 00007ff82b99ae00   ...........+....
0x0000003ee5cfec20:   0000000000000000 00007ff82b8dbc53   ........S..+....
0x0000003ee5cfec30:   0000000000000000 0000020be1a9e708   ................
0x0000003ee5cfec40:   0000020bc9d1b1e0 0000020bc9d1b520   ........ .......
0x0000003ee5cfec50:   0000020bc9d1b520 00007ff82b99ae00    ..........+....
0x0000003ee5cfec60:   0000020be1f2a598 0000003ee5cfedd8   ............>...
0x0000003ee5cfec70:   0000003ee5cfef10 0000000000008840   ....>...@.......
0x0000003ee5cfec80:   00007ff82b98d080 00007ff82b99ae50   ...+....P..+....
0x0000003ee5cfec90:   0000000000989680 0000000000989680   ................
0x0000003ee5cfeca0:   0000003ee5cfedb0 00007ff82b83d561   ....>...a..+....
0x0000003ee5cfecb0:   00007ff82b99ae00 00007ff82b99ae58   ...+....X..+....
0x0000003ee5cfecc0:   00007ff800000000 003fcc6b00000001   ............k.?.

Instructions: (pc=0x00007ff82b843004)
  0x00007ff82b842f04:   cc cc cc cc cc cc cc cc cc cc cc cc cc cc cc cc
  0x00007ff82b842f14:   cc cc cc cc cc cc cc cc cc cc cc cc cc cc cc cc
  0x00007ff82b842f24:   cc cc cc cc cc cc cc cc cc cc cc cc cc cc cc cc
  0x00007ff82b842f34:   cc cc cc cc cc cc cc cc cc cc cc cc cc cc cc cc
  0x00007ff82b842f44:   cc cc cc cc cc cc cc cc cc cc cc cc cc cc cc cc
  0x00007ff82b842f54:   cc cc cc cc cc cc cc cc cc cc cc cc cc cc cc cc
  0x00007ff82b842f64:   cc cc cc cc cc cc cc cc cc cc cc cc cc cc cc cc
  0x00007ff82b842f74:   cc cc cc cc cc cc cc cc cc cc cc cc cc cc cc cc
  0x00007ff82b842f84:   cc cc cc cc cc cc cc cc cc cc cc cc 40 57 48 83
  0x00007ff82b842f94:   ec 20 48 8b f9 48 8b 0d 30 80 15 00 48 85 c9 74
  0x00007ff82b842fa4:   20 48 8b 01 48 8d 54 24 38 41 b8 06 00 01 00 4c
  0x00007ff82b842fb4:   8b 48 30 41 ff d1 85 c0 75 07 48 8b 4c 24 38 eb
  0x00007ff82b842fc4:   02 33 c9 4c 8b 05 0a 81 15 00 48 89 5c 24 30 4d
  0x00007ff82b842fd4:   85 c0 74 4a 48 8b 01 48 8b d7 4c 8b 88 28 03 00
  0x00007ff82b842fe4:   00 41 ff d1 48 85 c0 74 35 48 63 0d b8 3d 15 00
  0x00007ff82b842ff4:   48 8b 14 01 48 85 d2 74 15 48 63 05 bc 3d 15 00
=>0x00007ff82b843004:   8b 04 10 48 8b 5c 24 30 48 83 c4 20 5f c3 b8 ff
  0x00007ff82b843014:   ff ff ff 48 8b 5c 24 30 48 83 c4 20 5f c3 80 3d
  0x00007ff82b843024:   bb 7f 15 00 00 bb ff ff ff ff 74 20 4c 8b 0d 51
  0x00007ff82b843034:   7c 15 00 4c 8d 44 24 38 48 8b 0d 35 7c 15 00 48
  0x00007ff82b843044:   8b d7 41 ff d1 85 c0 0f 44 5c 24 38 8b c3 48 8b
  0x00007ff82b843054:   5c 24 30 48 83 c4 20 5f c3 cc cc cc cc cc cc cc
  0x00007ff82b843064:   cc cc cc cc cc cc cc cc cc cc cc cc cc cc cc cc
  0x00007ff82b843074:   cc cc cc cc cc cc cc cc cc cc cc cc cc cc cc cc
  0x00007ff82b843084:   cc cc cc cc cc cc cc cc cc cc cc cc 48 89 54 24
  0x00007ff82b843094:   10 53 55 56 57 41 56 41 57 48 83 ec 28 48 8b f2
  0x00007ff82b8430a4:   4c 8b f1 48 89 4c 24 78 45 33 ff 44 89 7c 24 68
  0x00007ff82b8430b4:   c7 44 24 60 01 00 00 00 48 8d 4c 24 68 e8 69 3c
  0x00007ff82b8430c4:   f7 ff 8b d8 48 8d 4c 24 60 e8 5d 3c f7 ff 8b e8
  0x00007ff82b8430d4:   49 8b ce e8 33 f3 f6 ff 48 8b f8 90 8b c3 f0 0f
  0x00007ff82b8430e4:   b1 2f 74 04 f3 90 eb f4 4c 89 3e 4c 89 7e 08 4c
  0x00007ff82b8430f4:   89 7e 10 49 8b 6e 08 4d 8b 76 10 49 3b ee 0f 84


Stack slot to memory mapping:

stack at sp + 0 slots: 0x0000003ee5cfec40 is pointing into the stack for thread: 0x0000020be1a9e340
stack at sp + 1 slots: 0x0000020bc80545e8 points into unknown readable memory: 0x0000000710a01ee8 | e8 1e a0 10 07 00 00 00
stack at sp + 2 slots: 0x0 is null
stack at sp + 3 slots: 0x0000020be1f08290 points into unknown readable memory: 0x6e616c2e6176616a | 6a 61 76 61 2e 6c 61 6e
stack at sp + 4 slots: 0x000000000000001a is an unknown value
stack at sp + 5 slots: 0x00007ff82b8434db libasyncProfiler.dll
stack at sp + 6 slots: 0x0 is null
stack at sp + 7 slots: 0x0000020be1a9e708 points into unknown readable memory: 0x00007fff98b017b0 | b0 17 b0 98 ff 7f 00 00

Lock stack of current Java thread (top to bottom):


---------------  P R O C E S S  ---------------

Threads class SMR info:
_java_thread_list=0x0000020bc9c8e290, length=15, elements={
0x0000020be1a9e340, 0x0000020be1c1ce20, 0x0000020be1c1d660, 0x0000020be1c1eba0,
0x0000020be1c21e40, 0x0000020be1c250c0, 0x0000020be1c2dc00, 0x0000020b8266e2a0,
0x0000020b82682250, 0x0000020b827659e0, 0x0000020bc8010bf0, 0x0000020bc88fcbf0,
0x0000020bc89c0950, 0x0000020bc9962380, 0x0000020bc9dee120
}

Java Threads: ( => current thread )
=>0x0000020be1a9e340 JavaThread "main"                              [_thread_in_native, id=17360, stack(0x0000003ee5c00000,0x0000003ee5d00000) (1024K)]
  0x0000020be1c1ce20 JavaThread "Reference Handler"          daemon [_thread_blocked, id=16156, stack(0x0000003ee6400000,0x0000003ee6500000) (1024K)]
  0x0000020be1c1d660 JavaThread "Finalizer"                  daemon [_thread_blocked, id=20388, stack(0x0000003ee6500000,0x0000003ee6600000) (1024K)]
  0x0000020be1c1eba0 JavaThread "Signal Dispatcher"          daemon [_thread_blocked, id=20444, stack(0x0000003ee6600000,0x0000003ee6700000) (1024K)]
  0x0000020be1c21e40 JavaThread "Attach Listener"            daemon [_thread_blocked, id=19460, stack(0x0000003ee6700000,0x0000003ee6800000) (1024K)]
  0x0000020be1c250c0 JavaThread "Service Thread"             daemon [_thread_blocked, id=18440, stack(0x0000003ee6800000,0x0000003ee6900000) (1024K)]
  0x0000020be1c2dc00 JavaThread "Monitor Deflation Thread"   daemon [_thread_blocked, id=19804, stack(0x0000003ee6900000,0x0000003ee6a00000) (1024K)]
  0x0000020b8266e2a0 JavaThread "C2 CompilerThread0"         daemon [_thread_blocked, id=18196, stack(0x0000003ee6a00000,0x0000003ee6b00000) (1024K)]
  0x0000020b82682250 JavaThread "C1 CompilerThread0"         daemon [_thread_blocked, id=17424, stack(0x0000003ee6b00000,0x0000003ee6c00000) (1024K)]
  0x0000020b827659e0 JavaThread "Common-Cleaner"             daemon [_thread_blocked, id=19356, stack(0x0000003ee6c00000,0x0000003ee6d00000) (1024K)]
  0x0000020bc8010bf0 JavaThread "Monitor Ctrl-Break"         daemon [_thread_in_native, id=11300, stack(0x0000003ee6d00000,0x0000003ee6e00000) (1024K)]
  0x0000020bc88fcbf0 JavaThread "C2 CompilerThread1"         daemon [_thread_blocked, id=20096, stack(0x0000003ee6e00000,0x0000003ee6f00000) (1024K)]
  0x0000020bc89c0950 JavaThread "C2 CompilerThread2"         daemon [_thread_blocked, id=19056, stack(0x0000003ee6f00000,0x0000003ee7000000) (1024K)]
  0x0000020bc9962380 JavaThread "JFR Recorder Thread"        daemon [_thread_in_native, id=5252, stack(0x0000003ee7000000,0x0000003ee7100000) (1024K)]
  0x0000020bc9dee120 JavaThread "JFR Periodic Tasks"         daemon [_thread_blocked, id=20132, stack(0x0000003ee7100000,0x0000003ee7200000) (1024K)]
Total: 15

Other Threads:
  0x0000020be1c0b6e0 VMThread "VM Thread"                           [id=19768, stack(0x0000003ee6300000,0x0000003ee6400000) (1024K)]
  0x0000020be1bf0170 WatcherThread "VM Periodic Task Thread"        [id=9600, stack(0x0000003ee6200000,0x0000003ee6300000) (1024K)]
  0x0000020be1b106d0 WorkerThread "GC Thread#0"                     [id=1804, stack(0x0000003ee5d00000,0x0000003ee5e00000) (1024K)]
  0x0000020be1b25540 ConcurrentGCThread "G1 Main Marker"            [id=16864, stack(0x0000003ee5e00000,0x0000003ee5f00000) (1024K)]
  0x0000020be1b28080 WorkerThread "G1 Conc#0"                       [id=19680, stack(0x0000003ee5f00000,0x0000003ee6000000) (1024K)]
  0x0000020be1be4590 ConcurrentGCThread "G1 Refine#0"               [id=2208, stack(0x0000003ee6000000,0x0000003ee6100000) (1024K)]
  0x0000020be1be4ec0 ConcurrentGCThread "G1 Service"                [id=10160, stack(0x0000003ee6100000,0x0000003ee6200000) (1024K)]
Total: 7

Threads with active compile tasks:
Total: 0

VM state: not at safepoint (normal execution)

VM Mutex/Monitor currently owned by a thread: None

Heap address: 0x0000000700c00000, size: 4084 MB, Compressed Oops mode: Zero based, Oop shift amount: 3

CDS archive(s) mapped at: [0x0000020b83000000-0x0000020b83d40000-0x0000020b83d40000), size 13893632, SharedBaseAddress: 0x0000020b83000000, ArchiveRelocationMode: 1.
Compressed class space mapped at: 0x0000020b84000000-0x0000020bc4000000, reserved size: 1073741824
UseCompressedClassPointers 1, UseCompactObjectHeaders 0
Narrow klass pointer bits 32, Max shift 3
Narrow klass base: 0x0000020b83000000, Narrow klass shift: 0
Encoding Range: [0x0000020b83000000 - 0x0000020c83000000), (4294967296 bytes)
Klass Range:    [0x0000020b83000000 - 0x0000020bc4000000), (1090519040 bytes)
Klass ID Range:  [8 - 1090519033) (1090519025)

GC Precious Log:
 CardTable entry size: 512
 Card Set container configuration: InlinePtr #cards 4 size 8 Array Of Cards #cards 16 size 48 Howl #buckets 8 coarsen threshold 3686 Howl Bitmap #cards 512 size 80 coarsen threshold 460 Card regions per heap region 1 cards per card region 4096
 CPUs: 12 total, 12 available
 Memory: 16332M
 Large Page Support: Disabled
 NUMA Support: Disabled
 Compressed Oops: Enabled (Zero based)
 Heap Region Size: 2M
 Heap Min Capacity: 8M
 Heap Initial Capacity: 256M
 Heap Max Capacity: 4084M
 Pre-touch: Disabled
 Parallel Workers: 10
 Concurrent Workers: 3
 Concurrent Refinement Workers: 10
 Periodic GC: Disabled

Heap:
 garbage-first heap   total reserved 4182016K, committed 264192K, used 25712K [0x0000000700c00000, 0x0000000800000000)
  region size 2048K, 14 young (28672K), 0 survivors (0K)
 Metaspace       used 5692K, committed 5824K, reserved 1114112K
  class space    used 467K, committed 512K, reserved 1048576K

Heap Regions: E=young(eden), S=young(survivor), O=old, HS=humongous(starts), HC=humongous(continues), CS=collection set, F=free, TAMS=top-at-mark-start, PB=parsable bottom
|   0|0x0000000700c00000, 0x0000000700c00000, 0x0000000700e00000|  0%| F|  |TAMS 0x0000000700c00000| PB 0x0000000700c00000| Untracked |  0
|   1|0x0000000700e00000, 0x0000000700e00000, 0x0000000701000000|  0%| F|  |TAMS 0x0000000700e00000| PB 0x0000000700e00000| Untracked |  0
|   2|0x0000000701000000, 0x0000000701000000, 0x0000000701200000|  0%| F|  |TAMS 0x0000000701000000| PB 0x0000000701000000| Untracked |  0
|   3|0x0000000701200000, 0x0000000701200000, 0x0000000701400000|  0%| F|  |TAMS 0x0000000701200000| PB 0x0000000701200000| Untracked |  0
|   4|0x0000000701400000, 0x0000000701400000, 0x0000000701600000|  0%| F|  |TAMS 0x0000000701400000| PB 0x0000000701400000| Untracked |  0
|   5|0x0000000701600000, 0x0000000701600000, 0x0000000701800000|  0%| F|  |TAMS 0x0000000701600000| PB 0x0000000701600000| Untracked |  0
|   6|0x0000000701800000, 0x0000000701800000, 0x0000000701a00000|  0%| F|  |TAMS 0x0000000701800000| PB 0x0000000701800000| Untracked |  0
|   7|0x0000000701a00000, 0x0000000701a00000, 0x0000000701c00000|  0%| F|  |TAMS 0x0000000701a00000| PB 0x0000000701a00000| Untracked |  0
|   8|0x0000000701c00000, 0x0000000701c00000, 0x0000000701e00000|  0%| F|  |TAMS 0x0000000701c00000| PB 0x0000000701c00000| Untracked |  0
|   9|0x0000000701e00000, 0x0000000701e00000, 0x0000000702000000|  0%| F|  |TAMS 0x0000000701e00000| PB 0x0000000701e00000| Untracked |  0
|  10|0x0000000702000000, 0x0000000702000000, 0x0000000702200000|  0%| F|  |TAMS 0x0000000702000000| PB 0x0000000702000000| Untracked |  0
|  11|0x0000000702200000, 0x0000000702200000, 0x0000000702400000|  0%| F|  |TAMS 0x0000000702200000| PB 0x0000000702200000| Untracked |  0
|  12|0x0000000702400000, 0x0000000702400000, 0x0000000702600000|  0%| F|  |TAMS 0x0000000702400000| PB 0x0000000702400000| Untracked |  0
|  13|0x0000000702600000, 0x0000000702600000, 0x0000000702800000|  0%| F|  |TAMS 0x0000000702600000| PB 0x0000000702600000| Untracked |  0
|  14|0x0000000702800000, 0x0000000702800000, 0x0000000702a00000|  0%| F|  |TAMS 0x0000000702800000| PB 0x0000000702800000| Untracked |  0
|  15|0x0000000702a00000, 0x0000000702a00000, 0x0000000702c00000|  0%| F|  |TAMS 0x0000000702a00000| PB 0x0000000702a00000| Untracked |  0
|  16|0x0000000702c00000, 0x0000000702c00000, 0x0000000702e00000|  0%| F|  |TAMS 0x0000000702c00000| PB 0x0000000702c00000| Untracked |  0
|  17|0x0000000702e00000, 0x0000000702e00000, 0x0000000703000000|  0%| F|  |TAMS 0x0000000702e00000| PB 0x0000000702e00000| Untracked |  0
|  18|0x0000000703000000, 0x0000000703000000, 0x0000000703200000|  0%| F|  |TAMS 0x0000000703000000| PB 0x0000000703000000| Untracked |  0
|  19|0x0000000703200000, 0x0000000703200000, 0x0000000703400000|  0%| F|  |TAMS 0x0000000703200000| PB 0x0000000703200000| Untracked |  0
|  20|0x0000000703400000, 0x0000000703400000, 0x0000000703600000|  0%| F|  |TAMS 0x0000000703400000| PB 0x0000000703400000| Untracked |  0
|  21|0x0000000703600000, 0x0000000703600000, 0x0000000703800000|  0%| F|  |TAMS 0x0000000703600000| PB 0x0000000703600000| Untracked |  0
|  22|0x0000000703800000, 0x0000000703800000, 0x0000000703a00000|  0%| F|  |TAMS 0x0000000703800000| PB 0x0000000703800000| Untracked |  0
|  23|0x0000000703a00000, 0x0000000703a00000, 0x0000000703c00000|  0%| F|  |TAMS 0x0000000703a00000| PB 0x0000000703a00000| Untracked |  0
|  24|0x0000000703c00000, 0x0000000703c00000, 0x0000000703e00000|  0%| F|  |TAMS 0x0000000703c00000| PB 0x0000000703c00000| Untracked |  0
|  25|0x0000000703e00000, 0x0000000703e00000, 0x0000000704000000|  0%| F|  |TAMS 0x0000000703e00000| PB 0x0000000703e00000| Untracked |  0
|  26|0x0000000704000000, 0x0000000704000000, 0x0000000704200000|  0%| F|  |TAMS 0x0000000704000000| PB 0x0000000704000000| Untracked |  0
|  27|0x0000000704200000, 0x0000000704200000, 0x0000000704400000|  0%| F|  |TAMS 0x0000000704200000| PB 0x0000000704200000| Untracked |  0
|  28|0x0000000704400000, 0x0000000704400000, 0x0000000704600000|  0%| F|  |TAMS 0x0000000704400000| PB 0x0000000704400000| Untracked |  0
|  29|0x0000000704600000, 0x0000000704600000, 0x0000000704800000|  0%| F|  |TAMS 0x0000000704600000| PB 0x0000000704600000| Untracked |  0
|  30|0x0000000704800000, 0x0000000704800000, 0x0000000704a00000|  0%| F|  |TAMS 0x0000000704800000| PB 0x0000000704800000| Untracked |  0
|  31|0x0000000704a00000, 0x0000000704a00000, 0x0000000704c00000|  0%| F|  |TAMS 0x0000000704a00000| PB 0x0000000704a00000| Untracked |  0
|  32|0x0000000704c00000, 0x0000000704c00000, 0x0000000704e00000|  0%| F|  |TAMS 0x0000000704c00000| PB 0x0000000704c00000| Untracked |  0
|  33|0x0000000704e00000, 0x0000000704e00000, 0x0000000705000000|  0%| F|  |TAMS 0x0000000704e00000| PB 0x0000000704e00000| Untracked |  0
|  34|0x0000000705000000, 0x0000000705000000, 0x0000000705200000|  0%| F|  |TAMS 0x0000000705000000| PB 0x0000000705000000| Untracked |  0
|  35|0x0000000705200000, 0x0000000705200000, 0x0000000705400000|  0%| F|  |TAMS 0x0000000705200000| PB 0x0000000705200000| Untracked |  0
|  36|0x0000000705400000, 0x0000000705400000, 0x0000000705600000|  0%| F|  |TAMS 0x0000000705400000| PB 0x0000000705400000| Untracked |  0
|  37|0x0000000705600000, 0x0000000705600000, 0x0000000705800000|  0%| F|  |TAMS 0x0000000705600000| PB 0x0000000705600000| Untracked |  0
|  38|0x0000000705800000, 0x0000000705800000, 0x0000000705a00000|  0%| F|  |TAMS 0x0000000705800000| PB 0x0000000705800000| Untracked |  0
|  39|0x0000000705a00000, 0x0000000705a00000, 0x0000000705c00000|  0%| F|  |TAMS 0x0000000705a00000| PB 0x0000000705a00000| Untracked |  0
|  40|0x0000000705c00000, 0x0000000705c00000, 0x0000000705e00000|  0%| F|  |TAMS 0x0000000705c00000| PB 0x0000000705c00000| Untracked |  0
|  41|0x0000000705e00000, 0x0000000705e00000, 0x0000000706000000|  0%| F|  |TAMS 0x0000000705e00000| PB 0x0000000705e00000| Untracked |  0
|  42|0x0000000706000000, 0x0000000706000000, 0x0000000706200000|  0%| F|  |TAMS 0x0000000706000000| PB 0x0000000706000000| Untracked |  0
|  43|0x0000000706200000, 0x0000000706200000, 0x0000000706400000|  0%| F|  |TAMS 0x0000000706200000| PB 0x0000000706200000| Untracked |  0
|  44|0x0000000706400000, 0x0000000706400000, 0x0000000706600000|  0%| F|  |TAMS 0x0000000706400000| PB 0x0000000706400000| Untracked |  0
|  45|0x0000000706600000, 0x0000000706600000, 0x0000000706800000|  0%| F|  |TAMS 0x0000000706600000| PB 0x0000000706600000| Untracked |  0
|  46|0x0000000706800000, 0x0000000706800000, 0x0000000706a00000|  0%| F|  |TAMS 0x0000000706800000| PB 0x0000000706800000| Untracked |  0
|  47|0x0000000706a00000, 0x0000000706a00000, 0x0000000706c00000|  0%| F|  |TAMS 0x0000000706a00000| PB 0x0000000706a00000| Untracked |  0
|  48|0x0000000706c00000, 0x0000000706c00000, 0x0000000706e00000|  0%| F|  |TAMS 0x0000000706c00000| PB 0x0000000706c00000| Untracked |  0
|  49|0x0000000706e00000, 0x0000000706e00000, 0x0000000707000000|  0%| F|  |TAMS 0x0000000706e00000| PB 0x0000000706e00000| Untracked |  0
|  50|0x0000000707000000, 0x0000000707000000, 0x0000000707200000|  0%| F|  |TAMS 0x0000000707000000| PB 0x0000000707000000| Untracked |  0
|  51|0x0000000707200000, 0x0000000707200000, 0x0000000707400000|  0%| F|  |TAMS 0x0000000707200000| PB 0x0000000707200000| Untracked |  0
|  52|0x0000000707400000, 0x0000000707400000, 0x0000000707600000|  0%| F|  |TAMS 0x0000000707400000| PB 0x0000000707400000| Untracked |  0
|  53|0x0000000707600000, 0x0000000707600000, 0x0000000707800000|  0%| F|  |TAMS 0x0000000707600000| PB 0x0000000707600000| Untracked |  0
|  54|0x0000000707800000, 0x0000000707800000, 0x0000000707a00000|  0%| F|  |TAMS 0x0000000707800000| PB 0x0000000707800000| Untracked |  0
|  55|0x0000000707a00000, 0x0000000707a00000, 0x0000000707c00000|  0%| F|  |TAMS 0x0000000707a00000| PB 0x0000000707a00000| Untracked |  0
|  56|0x0000000707c00000, 0x0000000707c00000, 0x0000000707e00000|  0%| F|  |TAMS 0x0000000707c00000| PB 0x0000000707c00000| Untracked |  0
|  57|0x0000000707e00000, 0x0000000707e00000, 0x0000000708000000|  0%| F|  |TAMS 0x0000000707e00000| PB 0x0000000707e00000| Untracked |  0
|  58|0x0000000708000000, 0x0000000708000000, 0x0000000708200000|  0%| F|  |TAMS 0x0000000708000000| PB 0x0000000708000000| Untracked |  0
|  59|0x0000000708200000, 0x0000000708200000, 0x0000000708400000|  0%| F|  |TAMS 0x0000000708200000| PB 0x0000000708200000| Untracked |  0
|  60|0x0000000708400000, 0x0000000708400000, 0x0000000708600000|  0%| F|  |TAMS 0x0000000708400000| PB 0x0000000708400000| Untracked |  0
|  61|0x0000000708600000, 0x0000000708600000, 0x0000000708800000|  0%| F|  |TAMS 0x0000000708600000| PB 0x0000000708600000| Untracked |  0
|  62|0x0000000708800000, 0x0000000708800000, 0x0000000708a00000|  0%| F|  |TAMS 0x0000000708800000| PB 0x0000000708800000| Untracked |  0
|  63|0x0000000708a00000, 0x0000000708a00000, 0x0000000708c00000|  0%| F|  |TAMS 0x0000000708a00000| PB 0x0000000708a00000| Untracked |  0
|  64|0x0000000708c00000, 0x0000000708c00000, 0x0000000708e00000|  0%| F|  |TAMS 0x0000000708c00000| PB 0x0000000708c00000| Untracked |  0
|  65|0x0000000708e00000, 0x0000000708e00000, 0x0000000709000000|  0%| F|  |TAMS 0x0000000708e00000| PB 0x0000000708e00000| Untracked |  0
|  66|0x0000000709000000, 0x0000000709000000, 0x0000000709200000|  0%| F|  |TAMS 0x0000000709000000| PB 0x0000000709000000| Untracked |  0
|  67|0x0000000709200000, 0x0000000709200000, 0x0000000709400000|  0%| F|  |TAMS 0x0000000709200000| PB 0x0000000709200000| Untracked |  0
|  68|0x0000000709400000, 0x0000000709400000, 0x0000000709600000|  0%| F|  |TAMS 0x0000000709400000| PB 0x0000000709400000| Untracked |  0
|  69|0x0000000709600000, 0x0000000709600000, 0x0000000709800000|  0%| F|  |TAMS 0x0000000709600000| PB 0x0000000709600000| Untracked |  0
|  70|0x0000000709800000, 0x0000000709800000, 0x0000000709a00000|  0%| F|  |TAMS 0x0000000709800000| PB 0x0000000709800000| Untracked |  0
|  71|0x0000000709a00000, 0x0000000709a00000, 0x0000000709c00000|  0%| F|  |TAMS 0x0000000709a00000| PB 0x0000000709a00000| Untracked |  0
|  72|0x0000000709c00000, 0x0000000709c00000, 0x0000000709e00000|  0%| F|  |TAMS 0x0000000709c00000| PB 0x0000000709c00000| Untracked |  0
|  73|0x0000000709e00000, 0x0000000709e00000, 0x000000070a000000|  0%| F|  |TAMS 0x0000000709e00000| PB 0x0000000709e00000| Untracked |  0
|  74|0x000000070a000000, 0x000000070a000000, 0x000000070a200000|  0%| F|  |TAMS 0x000000070a000000| PB 0x000000070a000000| Untracked |  0
|  75|0x000000070a200000, 0x000000070a200000, 0x000000070a400000|  0%| F|  |TAMS 0x000000070a200000| PB 0x000000070a200000| Untracked |  0
|  76|0x000000070a400000, 0x000000070a400000, 0x000000070a600000|  0%| F|  |TAMS 0x000000070a400000| PB 0x000000070a400000| Untracked |  0
|  77|0x000000070a600000, 0x000000070a600000, 0x000000070a800000|  0%| F|  |TAMS 0x000000070a600000| PB 0x000000070a600000| Untracked |  0
|  78|0x000000070a800000, 0x000000070a800000, 0x000000070aa00000|  0%| F|  |TAMS 0x000000070a800000| PB 0x000000070a800000| Untracked |  0
|  79|0x000000070aa00000, 0x000000070aa00000, 0x000000070ac00000|  0%| F|  |TAMS 0x000000070aa00000| PB 0x000000070aa00000| Untracked |  0
|  80|0x000000070ac00000, 0x000000070ac00000, 0x000000070ae00000|  0%| F|  |TAMS 0x000000070ac00000| PB 0x000000070ac00000| Untracked |  0
|  81|0x000000070ae00000, 0x000000070ae00000, 0x000000070b000000|  0%| F|  |TAMS 0x000000070ae00000| PB 0x000000070ae00000| Untracked |  0
|  82|0x000000070b000000, 0x000000070b000000, 0x000000070b200000|  0%| F|  |TAMS 0x000000070b000000| PB 0x000000070b000000| Untracked |  0
|  83|0x000000070b200000, 0x000000070b200000, 0x000000070b400000|  0%| F|  |TAMS 0x000000070b200000| PB 0x000000070b200000| Untracked |  0
|  84|0x000000070b400000, 0x000000070b400000, 0x000000070b600000|  0%| F|  |TAMS 0x000000070b400000| PB 0x000000070b400000| Untracked |  0
|  85|0x000000070b600000, 0x000000070b600000, 0x000000070b800000|  0%| F|  |TAMS 0x000000070b600000| PB 0x000000070b600000| Untracked |  0
|  86|0x000000070b800000, 0x000000070b800000, 0x000000070ba00000|  0%| F|  |TAMS 0x000000070b800000| PB 0x000000070b800000| Untracked |  0
|  87|0x000000070ba00000, 0x000000070ba00000, 0x000000070bc00000|  0%| F|  |TAMS 0x000000070ba00000| PB 0x000000070ba00000| Untracked |  0
|  88|0x000000070bc00000, 0x000000070bc00000, 0x000000070be00000|  0%| F|  |TAMS 0x000000070bc00000| PB 0x000000070bc00000| Untracked |  0
|  89|0x000000070be00000, 0x000000070be00000, 0x000000070c000000|  0%| F|  |TAMS 0x000000070be00000| PB 0x000000070be00000| Untracked |  0
|  90|0x000000070c000000, 0x000000070c000000, 0x000000070c200000|  0%| F|  |TAMS 0x000000070c000000| PB 0x000000070c000000| Untracked |  0
|  91|0x000000070c200000, 0x000000070c200000, 0x000000070c400000|  0%| F|  |TAMS 0x000000070c200000| PB 0x000000070c200000| Untracked |  0
|  92|0x000000070c400000, 0x000000070c400000, 0x000000070c600000|  0%| F|  |TAMS 0x000000070c400000| PB 0x000000070c400000| Untracked |  0
|  93|0x000000070c600000, 0x000000070c600000, 0x000000070c800000|  0%| F|  |TAMS 0x000000070c600000| PB 0x000000070c600000| Untracked |  0
|  94|0x000000070c800000, 0x000000070c800000, 0x000000070ca00000|  0%| F|  |TAMS 0x000000070c800000| PB 0x000000070c800000| Untracked |  0
|  95|0x000000070ca00000, 0x000000070ca00000, 0x000000070cc00000|  0%| F|  |TAMS 0x000000070ca00000| PB 0x000000070ca00000| Untracked |  0
|  96|0x000000070cc00000, 0x000000070cc00000, 0x000000070ce00000|  0%| F|  |TAMS 0x000000070cc00000| PB 0x000000070cc00000| Untracked |  0
|  97|0x000000070ce00000, 0x000000070ce00000, 0x000000070d000000|  0%| F|  |TAMS 0x000000070ce00000| PB 0x000000070ce00000| Untracked |  0
|  98|0x000000070d000000, 0x000000070d000000, 0x000000070d200000|  0%| F|  |TAMS 0x000000070d000000| PB 0x000000070d000000| Untracked |  0
|  99|0x000000070d200000, 0x000000070d200000, 0x000000070d400000|  0%| F|  |TAMS 0x000000070d200000| PB 0x000000070d200000| Untracked |  0
| 100|0x000000070d400000, 0x000000070d400000, 0x000000070d600000|  0%| F|  |TAMS 0x000000070d400000| PB 0x000000070d400000| Untracked |  0
| 101|0x000000070d600000, 0x000000070d600000, 0x000000070d800000|  0%| F|  |TAMS 0x000000070d600000| PB 0x000000070d600000| Untracked |  0
| 102|0x000000070d800000, 0x000000070d800000, 0x000000070da00000|  0%| F|  |TAMS 0x000000070d800000| PB 0x000000070d800000| Untracked |  0
| 103|0x000000070da00000, 0x000000070da00000, 0x000000070dc00000|  0%| F|  |TAMS 0x000000070da00000| PB 0x000000070da00000| Untracked |  0
| 104|0x000000070dc00000, 0x000000070dc00000, 0x000000070de00000|  0%| F|  |TAMS 0x000000070dc00000| PB 0x000000070dc00000| Untracked |  0
| 105|0x000000070de00000, 0x000000070de00000, 0x000000070e000000|  0%| F|  |TAMS 0x000000070de00000| PB 0x000000070de00000| Untracked |  0
| 106|0x000000070e000000, 0x000000070e000000, 0x000000070e200000|  0%| F|  |TAMS 0x000000070e000000| PB 0x000000070e000000| Untracked |  0
| 107|0x000000070e200000, 0x000000070e200000, 0x000000070e400000|  0%| F|  |TAMS 0x000000070e200000| PB 0x000000070e200000| Untracked |  0
| 108|0x000000070e400000, 0x000000070e400000, 0x000000070e600000|  0%| F|  |TAMS 0x000000070e400000| PB 0x000000070e400000| Untracked |  0
| 109|0x000000070e600000, 0x000000070e600000, 0x000000070e800000|  0%| F|  |TAMS 0x000000070e600000| PB 0x000000070e600000| Untracked |  0
| 110|0x000000070e800000, 0x000000070e800000, 0x000000070ea00000|  0%| F|  |TAMS 0x000000070e800000| PB 0x000000070e800000| Untracked |  0
| 111|0x000000070ea00000, 0x000000070ea00000, 0x000000070ec00000|  0%| F|  |TAMS 0x000000070ea00000| PB 0x000000070ea00000| Untracked |  0
| 112|0x000000070ec00000, 0x000000070ec00000, 0x000000070ee00000|  0%| F|  |TAMS 0x000000070ec00000| PB 0x000000070ec00000| Untracked |  0
| 113|0x000000070ee00000, 0x000000070ee00000, 0x000000070f000000|  0%| F|  |TAMS 0x000000070ee00000| PB 0x000000070ee00000| Untracked |  0
| 114|0x000000070f000000, 0x000000070f1eb888, 0x000000070f200000| 96%| E|  |TAMS 0x000000070f000000| PB 0x000000070f000000| Complete |  0
| 115|0x000000070f200000, 0x000000070f400000, 0x000000070f400000|100%| E|CS|TAMS 0x000000070f200000| PB 0x000000070f200000| Complete |  0
| 116|0x000000070f400000, 0x000000070f600000, 0x000000070f600000|100%| E|CS|TAMS 0x000000070f400000| PB 0x000000070f400000| Complete |  0
| 117|0x000000070f600000, 0x000000070f800000, 0x000000070f800000|100%| E|CS|TAMS 0x000000070f600000| PB 0x000000070f600000| Complete |  0
| 118|0x000000070f800000, 0x000000070fa00000, 0x000000070fa00000|100%| E|CS|TAMS 0x000000070f800000| PB 0x000000070f800000| Complete |  0
| 119|0x000000070fa00000, 0x000000070fc00000, 0x000000070fc00000|100%| E|CS|TAMS 0x000000070fa00000| PB 0x000000070fa00000| Complete |  0
| 120|0x000000070fc00000, 0x000000070fe00000, 0x000000070fe00000|100%| E|CS|TAMS 0x000000070fc00000| PB 0x000000070fc00000| Complete |  0
| 121|0x000000070fe00000, 0x0000000710000000, 0x0000000710000000|100%| E|CS|TAMS 0x000000070fe00000| PB 0x000000070fe00000| Complete |  0
| 122|0x0000000710000000, 0x0000000710200000, 0x0000000710200000|100%| E|CS|TAMS 0x0000000710000000| PB 0x0000000710000000| Complete |  0
| 123|0x0000000710200000, 0x0000000710400000, 0x0000000710400000|100%| E|CS|TAMS 0x0000000710200000| PB 0x0000000710200000| Complete |  0
| 124|0x0000000710400000, 0x0000000710600000, 0x0000000710600000|100%| E|CS|TAMS 0x0000000710400000| PB 0x0000000710400000| Complete |  0
| 125|0x0000000710600000, 0x0000000710800000, 0x0000000710800000|100%| E|  |TAMS 0x0000000710600000| PB 0x0000000710600000| Complete |  0
| 126|0x0000000710800000, 0x0000000710a00000, 0x0000000710a00000|100%| E|CS|TAMS 0x0000000710800000| PB 0x0000000710800000| Complete |  0
| 127|0x0000000710a00000, 0x0000000710c00000, 0x0000000710c00000|100%| E|CS|TAMS 0x0000000710a00000| PB 0x0000000710a00000| Complete |  0
|2041|0x00000007ffe00000, 0x00000007fff1c348, 0x0000000800000000| 55%| O|  |TAMS 0x00000007ffe00000| PB 0x00000007ffe00000| Untracked |  0

Card table byte_map: [0x0000020bfb240000,0x0000020bfba40000] _byte_map_base: 0x0000020bf7a3a000

Marking Bits: (CMBitMap*) 0x0000020be1b10cf0
 Bits: [0x0000020bfba40000, 0x0000020bffa10000)

Polling page: 0x0000020bdfd50000

Metaspace:

Usage:
  Non-class:      5.10 MB used.
      Class:    467.96 KB used.
       Both:      5.56 MB used.

Virtual space:
  Non-class space:       64.00 MB reserved,       5.19 MB (  8%) committed,  1 nodes.
      Class space:        1.00 GB reserved,     512.00 KB ( <1%) committed,  1 nodes.
             Both:        1.06 GB reserved,       5.69 MB ( <1%) committed. 

Chunk freelists:
   Non-Class:  10.42 MB
       Class:  15.52 MB
        Both:  25.95 MB

MaxMetaspaceSize: unlimited
CompressedClassSpaceSize: 1.00 GB
Initial GC threshold: 21.00 MB
Current GC threshold: 21.00 MB
CDS: on
 - commit_granule_bytes: 65536.
 - commit_granule_words: 8192.
 - virtual_space_node_default_size: 8388608.
 - enlarge_chunks_in_place: 1.
UseCompressedClassPointers 1, UseCompactObjectHeaders 0
Narrow klass pointer bits 32, Max shift 3
Narrow klass base: 0x0000020b83000000, Narrow klass shift: 0
Encoding Range: [0x0000020b83000000 - 0x0000020c83000000), (4294967296 bytes)
Klass Range:    [0x0000020b83000000 - 0x0000020bc4000000), (1090519040 bytes)
Klass ID Range:  [8 - 1090519033) (1090519025)


Internal statistics:

num_allocs_failed_limit: 0.
num_arena_births: 70.
num_arena_deaths: 0.
num_vsnodes_births: 2.
num_vsnodes_deaths: 0.
num_space_committed: 91.
num_space_uncommitted: 0.
num_chunks_returned_to_freelist: 0.
num_chunks_taken_from_freelist: 78.
num_chunk_merges: 0.
num_chunk_splits: 53.
num_chunks_enlarged: 34.
num_inconsistent_stats: 0.

CodeHeap 'non-profiled nmethods': size=120064Kb used=493Kb max_used=493Kb free=119570Kb
 bounds [0x0000020bf2a60000, 0x0000020bf2cd0000, 0x0000020bf9fa0000]
CodeHeap 'profiled nmethods': size=120000Kb used=1770Kb max_used=1770Kb free=118229Kb
 bounds [0x0000020beafa0000, 0x0000020beb210000, 0x0000020bf24d0000]
CodeHeap 'non-nmethods': size=5696Kb used=1296Kb max_used=1362Kb free=4399Kb
 bounds [0x0000020bf24d0000, 0x0000020bf2740000, 0x0000020bf2a60000]
CodeCache: size=245760Kb, used=3559Kb, max_used=3625Kb, free=242198Kb
 total_blobs=1835, nmethods=1369, adapters=372, full_count=0
Compilation: enabled, stopped_count=0, restarted_count=0

Compilation events (20 events):
Event: 0.504 Thread 0x0000020b82682250 1360       1       jdk.jfr.internal.EventControl::getSettingsId (5 bytes)
Event: 0.505 Thread 0x0000020b82682250 nmethod 1360 0x0000020bf2ad0108 code [0x0000020bf2ad0200, 0x0000020bf2ad02c8]
Event: 0.505 Thread 0x0000020b82682250 1361       1       jdk.jfr.internal.EventControl::getNamedControls (5 bytes)
Event: 0.505 Thread 0x0000020b82682250 nmethod 1361 0x0000020bf2ad0408 code [0x0000020bf2ad0500, 0x0000020bf2ad05c8]
Event: 0.506 Thread 0x0000020b82682250 1364       1       jdk.jfr.internal.periodic.EventTask::getEventType (5 bytes)
Event: 0.506 Thread 0x0000020b82682250 nmethod 1364 0x0000020bf2ad0708 code [0x0000020bf2ad0800, 0x0000020bf2ad08c8]
Event: 0.506 Thread 0x0000020b82682250 1365       1       jdk.jfr.internal.periodic.PeriodicTask::getPeriod (5 bytes)
Event: 0.506 Thread 0x0000020b82682250 nmethod 1365 0x0000020bf2ad0a08 code [0x0000020bf2ad0b00, 0x0000020bf2ad0bc8]
Event: 0.506 Thread 0x0000020b82682250 1366       3       java.util.Comparator$$Lambda/0x0000020b8403b930::compare (10 bytes)
Event: 0.506 Thread 0x0000020b82682250 nmethod 1366 0x0000020beb159f08 code [0x0000020beb15a060, 0x0000020beb15a4f0]
Event: 0.506 Thread 0x0000020b82682250 1367       3       java.util.Comparator::lambda$comparingLong$6043328a$1 (18 bytes)
Event: 0.507 Thread 0x0000020b82682250 nmethod 1367 0x0000020beb15a588 code [0x0000020beb15a6e0, 0x0000020beb15aad8]
Event: 0.507 Thread 0x0000020b82682250 1368       1       java.lang.classfile.ClassFile::latestMajorVersion (3 bytes)
Event: 0.507 Thread 0x0000020b82682250 nmethod 1368 0x0000020bf2ad0d08 code [0x0000020bf2ad0e00, 0x0000020bf2ad0ea8]
Event: 0.507 Thread 0x0000020b82682250 1369       1       java.lang.classfile.ClassFile::latestMinorVersion (2 bytes)
Event: 0.507 Thread 0x0000020b82682250 nmethod 1369 0x0000020bf2ad1008 code [0x0000020bf2ad1100, 0x0000020bf2ad11a8]
Event: 0.507 Thread 0x0000020b82682250 1370       1       jdk.internal.classfile.impl.DirectClassBuilder::setFlags (6 bytes)
Event: 0.507 Thread 0x0000020b82682250 nmethod 1370 0x0000020bf2ad1308 code [0x0000020bf2ad1400, 0x0000020bf2ad14c8]
Event: 0.508 Thread 0x0000020b8266e2a0 nmethod 1340 0x0000020bf2ad1608 code [0x0000020bf2ad1760, 0x0000020bf2ad1c48]
Event: 0.517 Thread 0x0000020bc88fcbf0 nmethod 1338 0x0000020bf2ad1c88 code [0x0000020bf2ad1fa0, 0x0000020bf2ad6120]

GC Heap History (0 events):
No events

Dll operation events (9 events):
Event: 0.067 Loaded shared library C:\Users\vinif\.jdks\openjdk-24\bin\java.dll
Event: 0.068 Loaded shared library C:\Users\vinif\.jdks\openjdk-24\bin\zip.dll
Event: 0.088 Loaded shared library C:\Users\vinif\.jdks\openjdk-24\bin\jsvml.dll
Event: 0.163 Loaded shared library C:\Users\vinif\.jdks\openjdk-24\bin\instrument.dll
Event: 0.167 Loaded shared library C:\Users\vinif\.jdks\openjdk-24\bin\net.dll
Event: 0.168 Loaded shared library C:\Users\vinif\.jdks\openjdk-24\bin\nio.dll
Event: 0.172 Loaded shared library C:\Users\vinif\.jdks\openjdk-24\bin\zip.dll
Event: 0.193 Loaded shared library C:\Users\vinif\.jdks\openjdk-24\bin\extnet.dll
Event: 0.254 Loaded shared library C:\Users\vinif\.jdks\openjdk-24\bin\jimage.dll

Deoptimization events (20 events):
Event: 0.468 Thread 0x0000020be1a9e340 Uncommon trap: trap_request=0xffffffd6 fr.pc=0x0000020bf2ac271c relative=0x00000000000006bc
Event: 0.468 Thread 0x0000020be1a9e340 Uncommon trap: reason=array_check action=maybe_recompile pc=0x0000020bf2ac271c method=jdk.internal.classfile.impl.SplitConstantPool.internalAdd(Ljava/lang/classfile/constantpool/PoolEntry;I)Ljava/lang/classfile/constantpool/PoolEntry; @ 46 c2
Event: 0.468 Thread 0x0000020be1a9e340 DEOPT PACKING pc=0x0000020bf2ac271c sp=0x0000003ee5cfca80
Event: 0.468 Thread 0x0000020be1a9e340 DEOPT UNPACKING pc=0x0000020bf25e6002 sp=0x0000003ee5cfca30 mode 2
Event: 0.468 Thread 0x0000020be1a9e340 Uncommon trap: trap_request=0xffffffd6 fr.pc=0x0000020bf2ac271c relative=0x00000000000006bc
Event: 0.468 Thread 0x0000020be1a9e340 Uncommon trap: reason=array_check action=maybe_recompile pc=0x0000020bf2ac271c method=jdk.internal.classfile.impl.SplitConstantPool.internalAdd(Ljava/lang/classfile/constantpool/PoolEntry;I)Ljava/lang/classfile/constantpool/PoolEntry; @ 46 c2
Event: 0.468 Thread 0x0000020be1a9e340 DEOPT PACKING pc=0x0000020bf2ac271c sp=0x0000003ee5cfd4e0
Event: 0.468 Thread 0x0000020be1a9e340 DEOPT UNPACKING pc=0x0000020bf25e6002 sp=0x0000003ee5cfd490 mode 2
Event: 0.468 Thread 0x0000020be1a9e340 Uncommon trap: trap_request=0xffffffd6 fr.pc=0x0000020bf2ac271c relative=0x00000000000006bc
Event: 0.468 Thread 0x0000020be1a9e340 Uncommon trap: reason=array_check action=maybe_recompile pc=0x0000020bf2ac271c method=jdk.internal.classfile.impl.SplitConstantPool.internalAdd(Ljava/lang/classfile/constantpool/PoolEntry;I)Ljava/lang/classfile/constantpool/PoolEntry; @ 46 c2
Event: 0.468 Thread 0x0000020be1a9e340 DEOPT PACKING pc=0x0000020bf2ac271c sp=0x0000003ee5cfd4e0
Event: 0.468 Thread 0x0000020be1a9e340 DEOPT UNPACKING pc=0x0000020bf25e6002 sp=0x0000003ee5cfd490 mode 2
Event: 0.469 Thread 0x0000020be1a9e340 Uncommon trap: trap_request=0xffffffd6 fr.pc=0x0000020bf2ac271c relative=0x00000000000006bc
Event: 0.469 Thread 0x0000020be1a9e340 Uncommon trap: reason=array_check action=maybe_recompile pc=0x0000020bf2ac271c method=jdk.internal.classfile.impl.SplitConstantPool.internalAdd(Ljava/lang/classfile/constantpool/PoolEntry;I)Ljava/lang/classfile/constantpool/PoolEntry; @ 46 c2
Event: 0.469 Thread 0x0000020be1a9e340 DEOPT PACKING pc=0x0000020bf2ac271c sp=0x0000003ee5cfd350
Event: 0.469 Thread 0x0000020be1a9e340 DEOPT UNPACKING pc=0x0000020bf25e6002 sp=0x0000003ee5cfd300 mode 2
Event: 0.482 Thread 0x0000020be1a9e340 Uncommon trap: trap_request=0xffffff4d fr.pc=0x0000020bf2abc290 relative=0x00000000000000f0
Event: 0.482 Thread 0x0000020be1a9e340 Uncommon trap: reason=unstable_if action=reinterpret pc=0x0000020bf2abc290 method=java.lang.Long.valueOf(J)Ljava/lang/Long; @ 17 c2
Event: 0.482 Thread 0x0000020be1a9e340 DEOPT PACKING pc=0x0000020bf2abc290 sp=0x0000003ee5cfe1c0
Event: 0.482 Thread 0x0000020be1a9e340 DEOPT UNPACKING pc=0x0000020bf25e6002 sp=0x0000003ee5cfe158 mode 2

Classes loaded (20 events):
Event: 0.481 Loading class jdk/jfr/internal/MetadataWriter
Event: 0.481 Loading class jdk/jfr/internal/MetadataWriter done
Event: 0.481 Loading class jdk/jfr/internal/MetadataDescriptor$Element
Event: 0.482 Loading class jdk/jfr/internal/MetadataDescriptor$Element done
Event: 0.482 Loading class jdk/jfr/internal/MetadataDescriptor$Attribute
Event: 0.482 Loading class jdk/jfr/internal/MetadataDescriptor$Attribute done
Event: 0.489 Loading class jdk/jfr/internal/consumer/StringParser$Encoding
Event: 0.489 Loading class jdk/jfr/internal/consumer/StringParser$Encoding done
Event: 0.497 Loading class jdk/jfr/internal/consumer/RepositoryFiles
Event: 0.498 Loading class jdk/jfr/internal/consumer/RepositoryFiles done
Event: 0.500 Loading class jdk/jfr/internal/SettingsManager$InternalSetting
Event: 0.500 Loading class jdk/jfr/internal/SettingsManager$InternalSetting done
Event: 0.501 Loading class jdk/jfr/internal/util/Rate
Event: 0.501 Loading class jdk/jfr/internal/util/Rate done
Event: 0.501 Loading class jdk/jfr/internal/util/TimespanUnit
Event: 0.501 Loading class jdk/jfr/internal/util/TimespanUnit done
Event: 0.502 Loading class jdk/jfr/internal/util/ValueParser
Event: 0.502 Loading class jdk/jfr/internal/util/ValueParser done
Event: 0.504 Loading class jdk/jfr/internal/periodic/PeriodicType
Event: 0.504 Loading class jdk/jfr/internal/periodic/PeriodicType done

Classes unloaded (0 events):
No events

Classes redefined (1 events):
Event: 0.199 Thread 0x0000020be1c0b6e0 redefined class name=java.lang.Throwable, count=1

Internal exceptions (19 events):
Event: 0.175 Thread 0x0000020be1a9e340 Exception <a 'java/lang/NoSuchMethodError'{0x000000071096a390}: 'void java.lang.invoke.DirectMethodHandle$Holder.invokeStatic(java.lang.Object, java.lang.Object, java.lang.Object)'> (0x000000071096a390) 
thrown [s\open\src\hotspot\share\interpreter\linkResolver.cpp, line 805]
Event: 0.180 Thread 0x0000020be1a9e340 Exception <a 'java/lang/NoSuchMethodError'{0x000000071099ef50}: 'java.lang.Object java.lang.invoke.Invokers$Holder.invokeExact_MT(java.lang.Object, java.lang.Object, java.lang.Object, java.lang.Object, java.lang.Object)'> (0x000000071099ef50) 
thrown [s\open\src\hotspot\share\interpreter\linkResolver.cpp, line 805]
Event: 0.192 Thread 0x0000020bc8010bf0 Exception <a 'java/lang/NoSuchMethodError'{0x000000071062ba00}: 'java.lang.Object java.lang.invoke.DirectMethodHandle$Holder.invokeStaticInit(java.lang.Object)'> (0x000000071062ba00) 
thrown [s\open\src\hotspot\share\interpreter\linkResolver.cpp, line 805]
Event: 0.195 Thread 0x0000020bc8010bf0 Exception <a 'java/lang/NoSuchMethodError'{0x0000000710638310}: 'void java.lang.invoke.DirectMethodHandle$Holder.invokeStatic(java.lang.Object, java.lang.Object)'> (0x0000000710638310) 
thrown [s\open\src\hotspot\share\interpreter\linkResolver.cpp, line 805]
Event: 0.206 Thread 0x0000020be1a9e340 Exception <a 'java/lang/NoSuchMethodError'{0x000000071075a5d0}: 'java.lang.Object java.lang.invoke.DirectMethodHandle$Holder.invokeStaticInit(java.lang.Object, java.lang.Object, java.lang.Object)'> (0x000000071075a5d0) 
thrown [s\open\src\hotspot\share\interpreter\linkResolver.cpp, line 805]
Event: 0.316 Thread 0x0000020be1a9e340 Exception <a 'java/lang/NoSuchMethodError'{0x000000070fcee218}: 'java.lang.Object java.lang.invoke.DirectMethodHandle$Holder.invokeStatic(java.lang.Object, int, java.lang.Object)'> (0x000000070fcee218) 
thrown [s\open\src\hotspot\share\interpreter\linkResolver.cpp, line 805]
Event: 0.332 Thread 0x0000020be1a9e340 Exception <a 'java/lang/NoSuchMethodError'{0x000000070fd37f10}: 'void java.lang.invoke.DirectMethodHandle$Holder.invokeStaticInit(java.lang.Object)'> (0x000000070fd37f10) 
thrown [s\open\src\hotspot\share\interpreter\linkResolver.cpp, line 805]
Event: 0.344 Thread 0x0000020be1a9e340 Exception <a 'java/lang/NoSuchMethodError'{0x000000070fde9f58}: 'void java.lang.invoke.DirectMethodHandle$Holder.invokeSpecial(java.lang.Object, java.lang.Object, java.lang.Object)'> (0x000000070fde9f58) 
thrown [s\open\src\hotspot\share\interpreter\linkResolver.cpp, line 805]
Event: 0.353 Thread 0x0000020be1a9e340 Exception <a 'java/lang/NoSuchMethodError'{0x000000070fa65090}: 'java.lang.Object java.lang.invoke.DirectMethodHandle$Holder.newInvokeSpecial(java.lang.Object, java.lang.Object, java.lang.Object, java.lang.Object, java.lang.Object)'> (0x000000070fa65090) 
thrown [s\open\src\hotspot\share\interpreter\linkResolver.cpp, line 805]
Event: 0.391 Thread 0x0000020be1a9e340 Exception <a 'java/lang/NoSuchMethodError'{0x000000070f81c2c0}: 'long java.lang.invoke.DirectMethodHandle$Holder.invokeVirtual(java.lang.Object, java.lang.Object)'> (0x000000070f81c2c0) 
thrown [s\open\src\hotspot\share\interpreter\linkResolver.cpp, line 805]
Event: 0.431 Thread 0x0000020be1a9e340 Exception <a 'java/lang/NoSuchMethodError'{0x000000070f691a58}: 'int java.lang.invoke.DirectMethodHandle$Holder.invokeSpecial(java.lang.Object, java.lang.Object, java.lang.Object)'> (0x000000070f691a58) 
thrown [s\open\src\hotspot\share\interpreter\linkResolver.cpp, line 805]
Event: 0.466 Thread 0x0000020be1a9e340 Exception <a 'java/lang/NoSuchMethodError'{0x000000070f4701d0}: 'void java.lang.invoke.DirectMethodHandle$Holder.invokeSpecial(java.lang.Object, java.lang.Object, int)'> (0x000000070f4701d0) 
thrown [s\open\src\hotspot\share\interpreter\linkResolver.cpp, line 805]
Event: 0.466 Thread 0x0000020be1a9e340 Exception <a 'java/lang/NoSuchMethodError'{0x000000070f477e10}: 'void java.lang.invoke.Invokers$Holder.invokeExact_MT(java.lang.Object, int, java.lang.Object)'> (0x000000070f477e10) 
thrown [s\open\src\hotspot\share\interpreter\linkResolver.cpp, line 805]
Event: 0.467 Thread 0x0000020be1a9e340 Exception <a 'java/lang/NoSuchMethodError'{0x000000070f493ed0}: 'void java.lang.invoke.DirectMethodHandle$Holder.invokeStatic(java.lang.Object, java.lang.Object, int)'> (0x000000070f493ed0) 
thrown [s\open\src\hotspot\share\interpreter\linkResolver.cpp, line 805]
Event: 0.468 Thread 0x0000020be1a9e340 Exception <a 'java/lang/NoSuchMethodError'{0x000000070f4a36b0}: 'java.lang.Object java.lang.invoke.DirectMethodHandle$Holder.newInvokeSpecial(java.lang.Object, java.lang.Object, int)'> (0x000000070f4a36b0) 
thrown [s\open\src\hotspot\share\interpreter\linkResolver.cpp, line 805]
Event: 0.469 Thread 0x0000020bc9dee120 Exception <a 'java/lang/NoSuchMethodError'{0x000000070f4f6f60}: 'long java.lang.invoke.DirectMethodHandle$Holder.invokeSpecial(java.lang.Object, java.lang.Object)'> (0x000000070f4f6f60) 
thrown [s\open\src\hotspot\share\interpreter\linkResolver.cpp, line 805]
Event: 0.472 Thread 0x0000020be1a9e340 Exception <a 'sun/nio/fs/WindowsException'{0x000000070f4e54a0}> (0x000000070f4e54a0) 
thrown [s\open\src\hotspot\share\prims\jni.cpp, line 518]
Event: 0.474 Thread 0x0000020be1a9e340 Exception <a 'sun/nio/fs/WindowsException'{0x000000070f4f3be8}> (0x000000070f4f3be8) 
thrown [s\open\src\hotspot\share\prims\jni.cpp, line 518]
Event: 0.477 Thread 0x0000020be1a9e340 Exception <a 'sun/nio/fs/WindowsException'{0x000000070f5fc3b0}> (0x000000070f5fc3b0) 
thrown [s\open\src\hotspot\share\prims\jni.cpp, line 518]

VM Operations (10 events):
Event: 0.151 Executing VM operation: HandshakeAllThreads (Deoptimize)
Event: 0.151 Executing VM operation: HandshakeAllThreads (Deoptimize) done
Event: 0.199 Executing VM operation: RedefineClasses
Event: 0.200 Executing VM operation: RedefineClasses done
Event: 0.348 Executing VM operation: HandshakeAllThreads (Deoptimize)
Event: 0.348 Executing VM operation: HandshakeAllThreads (Deoptimize) done
Event: 0.469 Executing VM operation: HandshakeAllThreads (Deoptimize)
Event: 0.469 Executing VM operation: HandshakeAllThreads (Deoptimize) done
Event: 0.498 Executing VM operation: JFRSafepointClear
Event: 0.498 Executing VM operation: JFRSafepointClear done

Memory protections (0 events):
No events

Nmethod flushes (0 events):
No events

Events (15 events):
Event: 0.078 Thread 0x0000020be1a9e340 Thread added: 0x0000020be1a9e340
Event: 0.086 Thread 0x0000020be1a9e340 Thread added: 0x0000020be1c1ce20
Event: 0.086 Thread 0x0000020be1a9e340 Thread added: 0x0000020be1c1d660
Event: 0.086 Thread 0x0000020be1a9e340 Thread added: 0x0000020be1c1eba0
Event: 0.086 Thread 0x0000020be1a9e340 Thread added: 0x0000020be1c21e40
Event: 0.086 Thread 0x0000020be1a9e340 Thread added: 0x0000020be1c250c0
Event: 0.087 Thread 0x0000020be1a9e340 Thread added: 0x0000020be1c2dc00
Event: 0.087 Thread 0x0000020be1a9e340 Thread added: 0x0000020b8266e2a0
Event: 0.087 Thread 0x0000020be1a9e340 Thread added: 0x0000020b82682250
Event: 0.146 Thread 0x0000020be1a9e340 Thread added: 0x0000020b827659e0
Event: 0.182 Thread 0x0000020be1a9e340 Thread added: 0x0000020bc8010bf0
Event: 0.257 Thread 0x0000020b82682250 Thread added: 0x0000020bc88fcbf0
Event: 0.278 Thread 0x0000020b8266e2a0 Thread added: 0x0000020bc89c0950
Event: 0.325 Thread 0x0000020be1a9e340 Thread added: 0x0000020bc9962380
Event: 0.468 Thread 0x0000020be1a9e340 Thread added: 0x0000020bc9dee120


Dynamic libraries:
0x00007ff791a00000 - 0x00007ff791a0e000 	C:\Users\vinif\.jdks\openjdk-24\bin\java.exe
0x00007ff85b340000 - 0x00007ff85b5a7000 	C:\Windows\SYSTEM32\ntdll.dll
0x00007ff85a190000 - 0x00007ff85a259000 	C:\Windows\System32\KERNEL32.DLL
0x00007ff8586a0000 - 0x00007ff858a90000 	C:\Windows\System32\KERNELBASE.dll
0x00007ff858e30000 - 0x00007ff858f7b000 	C:\Windows\System32\ucrtbase.dll
0x00007ff852e30000 - 0x00007ff852e46000 	C:\Users\vinif\.jdks\openjdk-24\bin\jli.dll
0x00007ff851970000 - 0x00007ff85198b000 	C:\Users\vinif\.jdks\openjdk-24\bin\VCRUNTIME140.dll
0x00007ff859330000 - 0x00007ff8594f5000 	C:\Windows\System32\USER32.dll
0x00007ff858aa0000 - 0x00007ff858ac7000 	C:\Windows\System32\win32u.dll
0x00007ff843ff0000 - 0x00007ff84428a000 	C:\Windows\WinSxS\amd64_microsoft.windows.common-controls_6595b64144ccf1df_6.0.26100.4768_none_3e0c112ce331287c\COMCTL32.dll
0x00007ff85a290000 - 0x00007ff85a2bb000 	C:\Windows\System32\GDI32.dll
0x00007ff8599b0000 - 0x00007ff859a59000 	C:\Windows\System32\msvcrt.dll
0x00007ff858cf0000 - 0x00007ff858e28000 	C:\Windows\System32\gdi32full.dll
0x00007ff858470000 - 0x00007ff858513000 	C:\Windows\System32\msvcp_win.dll
0x00007ff859270000 - 0x00007ff85929f000 	C:\Windows\System32\IMM32.DLL
0x00007ff855430000 - 0x00007ff85543c000 	C:\Users\vinif\.jdks\openjdk-24\bin\vcruntime140_1.dll
0x00007ff832e90000 - 0x00007ff832f1e000 	C:\Users\vinif\.jdks\openjdk-24\bin\msvcp140.dll
0x00007fff97ed0000 - 0x00007fff98c72000 	C:\Users\vinif\.jdks\openjdk-24\bin\server\jvm.dll
0x00007ff85a5e0000 - 0x00007ff85a694000 	C:\Windows\System32\ADVAPI32.dll
0x00007ff85a0e0000 - 0x00007ff85a186000 	C:\Windows\System32\sechost.dll
0x00007ff8590d0000 - 0x00007ff8591e8000 	C:\Windows\System32\RPCRT4.dll
0x00007ff859ab0000 - 0x00007ff859b24000 	C:\Windows\System32\WS2_32.dll
0x00007ff858220000 - 0x00007ff85827e000 	C:\Windows\SYSTEM32\POWRPROF.dll
0x00007ff846ee0000 - 0x00007ff846f15000 	C:\Windows\SYSTEM32\WINMM.dll
0x00007ff850d00000 - 0x00007ff850d0b000 	C:\Windows\SYSTEM32\VERSION.dll
0x00007ff858200000 - 0x00007ff858214000 	C:\Windows\SYSTEM32\UMPDC.dll
0x00007ff8571b0000 - 0x00007ff8571cb000 	C:\Windows\SYSTEM32\kernel.appcore.dll
0x00007ff855410000 - 0x00007ff85541a000 	C:\Users\vinif\.jdks\openjdk-24\bin\jimage.dll
0x00007ff84bc80000 - 0x00007ff84bec1000 	C:\Windows\SYSTEM32\DBGHELP.DLL
0x00007ff859620000 - 0x00007ff8599a5000 	C:\Windows\System32\combase.dll
0x00007ff85a4f0000 - 0x00007ff85a5d0000 	C:\Windows\System32\OLEAUT32.dll
0x00007ff841f40000 - 0x00007ff841f83000 	C:\Windows\SYSTEM32\dbgcore.DLL
0x00007ff858ad0000 - 0x00007ff858b69000 	C:\Windows\System32\bcryptPrimitives.dll
0x00007ff8519d0000 - 0x00007ff8519df000 	C:\Users\vinif\.jdks\openjdk-24\bin\instrument.dll
0x00007ff851950000 - 0x00007ff85196e000 	C:\Users\vinif\.jdks\openjdk-24\bin\java.dll
0x00007ff85a340000 - 0x00007ff85a4e0000 	C:\Windows\System32\ole32.dll
0x00007ff85a6a0000 - 0x00007ff85aded000 	C:\Windows\System32\SHELL32.dll
0x00007ff858b70000 - 0x00007ff858ce3000 	C:\Windows\System32\wintypes.dll
0x00007ff82b7b0000 - 0x00007ff82b9be000 	C:\Users\vinif\AppData\Local\Temp\idea_libasyncProfiler_dll_temp_folder1\libasyncProfiler.dll
0x00007ff84d160000 - 0x00007ff84d177000 	C:\Users\vinif\.jdks\openjdk-24\bin\zip.dll
0x00007ff856030000 - 0x00007ff856890000 	C:\Windows\SYSTEM32\windows.storage.dll
0x00007ff85ae00000 - 0x00007ff85aef5000 	C:\Windows\System32\SHCORE.dll
0x00007ff859500000 - 0x00007ff85956a000 	C:\Windows\System32\shlwapi.dll
0x00007ff858390000 - 0x00007ff8583b9000 	C:\Windows\SYSTEM32\profapi.dll
0x00007ff82dff0000 - 0x00007ff82e0c7000 	C:\Users\vinif\.jdks\openjdk-24\bin\jsvml.dll
0x00007ff853410000 - 0x00007ff853420000 	C:\Users\vinif\.jdks\openjdk-24\bin\net.dll
0x00007ff857720000 - 0x00007ff85778b000 	C:\Windows\system32\mswsock.dll
0x00007ff8514d0000 - 0x00007ff8514e6000 	C:\Users\vinif\.jdks\openjdk-24\bin\nio.dll
0x00007ff84d150000 - 0x00007ff84d159000 	C:\Users\vinif\.jdks\openjdk-24\bin\extnet.dll

dbghelp: loaded successfully - version: 4.0.5 - missing functions: none
symbol engine: initialized successfully - sym options: 0x614 - pdb path: .;C:\Users\vinif\.jdks\openjdk-24\bin;C:\Windows\SYSTEM32;C:\Windows\WinSxS\amd64_microsoft.windows.common-controls_6595b64144ccf1df_6.0.26100.4768_none_3e0c112ce331287c;C:\Users\vinif\.jdks\openjdk-24\bin\server;C:\Users\vinif\AppData\Local\Temp\idea_libasyncProfiler_dll_temp_folder1

VM Arguments:
jvm_args: -ea -Didea.test.cyclic.buffer.size=1048576 -javaagent:E:\IntelliJ IDEA 2024.3.5\lib\idea_rt.jar=53686 -javaagent:C:\Users\vinif\AppData\Local\JetBrains\IntelliJIdea2024.3\captureAgent\debugger-agent.jar -Dkotlinx.coroutines.debug.enable.creation.stack.trace=false -Ddebugger.agent.enable.coroutines=true -Dkotlinx.coroutines.debug.enable.flows.stack.trace=true -Dkotlinx.coroutines.debug.enable.mutable.state.flows.stack.trace=true -agentpath:C:\Users\vinif\AppData\Local\Temp\idea_libasyncProfiler_dll_temp_folder1\libasyncProfiler.dll=start,jfr,event=wall,interval=10ms,jfrsync=profile,cstack=no,file=C:\Users\vinif\IdeaSnapshots\UserServiceTest_2025_09_07_145012.jfr,dbghelppath=C:\Users\vinif\AppData\Local\Temp\idea_dbghelp_dll_temp_folder\dbghelp.dll,log=C:\Users\vinif\AppData\Local\Temp\UserServiceTest_2025_09_07_145012.jfr.log.txt,logLevel=DEBUG -Dfile.encoding=UTF-8 -Dsun.stdout.encoding=UTF-8 -Dsun.stderr.encoding=UTF-8 
java_command: com.intellij.rt.junit.JUnitStarter -ideVersion5 -junit5 com.example.springweb.service.UserServiceTest
java_class_path (initial): C:\Users\vinif\.m2\repository\org\junit\platform\junit-platform-launcher\1.12.2\junit-platform-launcher-1.12.2.jar;E:\IntelliJ IDEA 2024.3.5\lib\idea_rt.jar;E:\IntelliJ IDEA 2024.3.5\plugins\junit\lib\junit5-rt.jar;E:\IntelliJ IDEA 2024.3.5\plugins\junit\lib\junit-rt.jar;D:\git\springweb\target\test-classes;D:\git\springweb\target\classes;C:\Users\vinif\.m2\repository\org\springframework\boot\spring-boot-starter-web\3.5.5\spring-boot-starter-web-3.5.5.jar;C:\Users\vinif\.m2\repository\org\springframework\boot\spring-boot-starter\3.5.5\spring-boot-starter-3.5.5.jar;C:\Users\vinif\.m2\repository\org\springframework\boot\spring-boot\3.5.5\spring-boot-3.5.5.jar;C:\Users\vinif\.m2\repository\org\springframework\boot\spring-boot-autoconfigure\3.5.5\spring-boot-autoconfigure-3.5.5.jar;C:\Users\vinif\.m2\repository\org\springframework\boot\spring-boot-starter-logging\3.5.5\spring-boot-starter-logging-3.5.5.jar;C:\Users\vinif\.m2\repository\ch\qos\logback\logback-classic\1.5.18\logback-classic-1.5.18.jar;C:\Users\vinif\.m2\repository\ch\qos\logback\logback-core\1.5.18\logback-core-1.5.18.jar;C:\Users\vinif\.m2\repository\org\apache\logging\log4j\log4j-to-slf4j\2.24.3\log4j-to-slf4j-2.24.3.jar;C:\Users\vinif\.m2\repository\org\apache\logging\log4j\log4j-api\2.24.3\log4j-api-2.24.3.jar;C:\Users\vinif\.m2\repository\org\slf4j\jul-to-slf4j\2.0.17\jul-to-slf4j-2.0.17.jar;C:\Users\vinif\.m2\repository\jakarta\annotation\jakarta.annotation-api\2.1.1\jakarta.annotation-api-2.1.1.jar;C:\Users\vinif\.m2\repository\org\yaml\snakeyaml\2.4\snakeyaml-2.4.jar;C:\Users\vinif\.m2\repository\org\springframework\boot\spring-boot-starter-json\3.5.5\spring-boot-starter-json-3.5.5.jar;C:\Users\vinif\.m2\repository\com\fasterxml\jackson\core\jackson-databind\2.19.2\jackson-databind-2.19.2.jar;C:\Users\vinif\.m2\repository\com\fasterxml\jackson\core\jackson-annotations\2.19.2\jackson-annotations-2.19.2.jar;C:\Users\vinif\.m2\repository\com\fasterxml\jackson\core\jackson-core\2.19.2\jackson-core-2.19.2.jar;C:\Users\vinif\.m2\repository\com\fasterxml\jackson\datatype\jackson-datatype-jdk8\2.19.2\jackson-datatype-jdk8-2.19.2.jar;C:\Users\vinif\.m2\repository\com\fasterxml\jackson\datatype\jackson-datatype-jsr310\2.19.2\jackson-datatype-jsr310-2.19.2.jar;C:\Users\vinif\.m2\repository\com\fasterxml\jackson\module\jackson-module-parameter-names\2.19.2\jackson-module-parameter-names-2.19.2.jar;C:\Users\vinif\.m2\repository\org\springframework\boot\spring-boot-starter-tomcat\3.5.5\spring-boot-starter-tomcat-3.5.5.jar;C:\Users\vinif\.m2\repository\org\apache\tomcat\embed\tomcat-embed-core\10.1.44\tomcat-embed-core-10.1.44.jar;C:\Users\vinif\.m2\repository\org\apache\tomcat\embed\tomcat-embed-el\10.1.44\tomcat-embed-el-10.1.44.jar;C:\Users\vinif\.m2\repository\org\apache\tomcat\embed\tomcat-embed-websocket\10.1.44\tomcat-embed-websocket-10.1.44.jar;C:\Users\vinif\.m2\repository\org\springframework\spring-web\6.2.10\spring-web-6.2.10.jar;C:\Users\vinif\.m2\repository\org\springframework\spring-beans\6.2.10\spring-beans-6.2.10.jar;C:\Users\vinif\.m2\repository\io\micrometer\micrometer-observation\1.15.3\micrometer-observation-1.15.3.jar;C:\Users\vinif\.m2\repository\io\micrometer\micrometer-commons\1.15.3\micrometer-commons-1.15.3.jar;C:\Users\vinif\.m2\repository\org\springframework\spring-webmvc\6.2.10\spring-webmvc-6.2.10.jar;C:\Users\vinif\.m2\repository\org\springframework\spring-aop\6.2.10\spring-aop-6.2.10.jar;C:\Users\vinif\.m2\repository\org\springframework\spring-context\6.2.10\spring-context-6.2.10.jar;C:\Users\vinif\.m2\repository\org\springframework\spring-expression\6.2.10\spring-expression-6.2.10.jar;C:\Users\vinif\.m2\repository\org\springframework\boot\spring-boot-starter-test\3.5.5\spring-boot-starter-test-3.5.5.jar;C:\Users\vinif\.m2\repository\org\springframework\boot\spring-boot-test\3.5.5\spring-boot-test-3.5.5.jar;C:\Users\vinif\.m2\repository\org\springframework\boot\spring-boot-test-autoconfigure\3.5.5\spring-boot-test-autoconfigure-3.5.5.jar;C:\Users\vinif\.m2\repository\com\jayway\jsonpath\json-path\2.9.0\json-path-2.9.0.jar;C:\Users\vinif\.m2\repository\org\slf4j\slf4j-api\2.0.17\slf4j-api-2.0.17.jar;C:\Users\vinif\.m2\repository\jakarta\xml\bind\jakarta.xml.bind-api\4.0.2\jakarta.xml.bind-api-4.0.2.jar;C:\Users\vinif\.m2\repository\jakarta\activation\jakarta.activation-api\2.1.3\jakarta.activation-api-2.1.3.jar;C:\Users\vinif\.m2\repository\net\minidev\json-smart\2.5.2\json-smart-2.5.2.jar;C:\Users\vinif\.m2\repository\net\minidev\accessors-smart\2.5.2\accessors-smart-2.5.2.jar;C:\Users\vinif\.m2\repository\org\ow2\asm\asm\9.7.1\asm-9.7.1.jar;C:\Users\vinif\.m2\repository\org\assertj\assertj-core\3.27.4\assertj-core-3.27.4.jar;C:\Users\vinif\.m2\repository\net\bytebuddy\byte-buddy\1.17.7\byte-buddy-1.17.7.jar;C:\Users\vinif\.m2\repository\org\awaitility\awaitility\4.2.2\awaitility-4.2.2.jar;C:\Users\vinif\.m2\repository\org\hamcrest\hamcrest\3.0\hamcrest-3.0.jar;C:\Users\vinif\.m2\repository\org\junit\jupiter\junit-jupiter\5.12.2\junit-jupiter-5.12.2.jar;C:\Users\vinif\.m2\repository\org\junit\jupiter\junit-jupiter-api\5.12.2\junit-jupiter-api-5.12.2.jar;C:\Users\vinif\.m2\repository\org\opentest4j\opentest4j\1.3.0\opentest4j-1.3.0.jar;C:\Users\vinif\.m2\repository\org\junit\platform\junit-platform-commons\1.12.2\junit-platform-commons-1.12.2.jar;C:\Users\vinif\.m2\repository\org\apiguardian\apiguardian-api\1.1.2\apiguardian-api-1.1.2.jar;C:\Users\vinif\.m2\repository\org\junit\jupiter\junit-jupiter-params\5.12.2\junit-jupiter-params-5.12.2.jar;C:\Users\vinif\.m2\repository\org\junit\jupiter\junit-jupiter-engine\5.12.2\junit-jupiter-engine-5.12.2.jar;C:\Users\vinif\.m2\repository\org\junit\platform\junit-platform-engine\1.12.2\junit-platform-engine-1.12.2.jar;C:\Users\vinif\.m2\repository\org\mockito\mockito-core\5.17.0\mockito-core-5.17.0.jar;C:\Users\vinif\.m2\repository\net\bytebuddy\byte-buddy-agent\1.17.7\byte-buddy-agent-1.17.7.jar;C:\Users\vinif\.m2\repository\org\objenesis\objenesis\3.3\objenesis-3.3.jar;C:\Users\vinif\.m2\repository\org\mockito\mockito-junit-jupiter\5.17.0\mockito-junit-jupiter-5.17.0.jar;C:\Users\vinif\.m2\repository\org\skyscreamer\jsonassert\1.5.3\jsonassert-1.5.3.jar;C:\Users\vinif\.m2\repository\com\vaadin\external\google\android-json\0.0.20131108.vaadin1\android-json-0.0.20131108.vaadin1.jar;C:\Users\vinif\.m2\repository\org\springframework\spring-core\6.2.10\spring-core-6.2.10.jar;C:\Users\vinif\.m2\repository\org\springframework\spring-jcl\6.2.10\spring-jcl-6.2.10.jar;C:\Users\vinif\.m2\repository\org\springframework\spring-test\6.2.10\spring-test-6.2.10.jar;C:\Users\vinif\.m2\repository\org\xmlunit\xmlunit-core\2.10.3\xmlunit-core-2.10.3.jar;C:\Users\vinif\.m2\repository\org\springframework\boot\spring-boot-starter-data-jpa\3.5.5\spring-boot-starter-data-jpa-3.5.5.jar;C:\Users\vinif\.m2\repository\org\springframework\boot\spring-boot-starter-jdbc\3.5.5\spring-boot-starter-jdbc-3.5.5.jar;C:\Users\vinif\.m2\repository\com\zaxxer\HikariCP\6.3.2\HikariCP-6.3.2.jar;C:\Users\vinif\.m2\repository\org\springframework\spring-jdbc\6.2.10\spring-jdbc-6.2.10.jar;C:\Users\vinif\.m2\repository\org\hibernate\orm\hibernate-core\6.6.26.Final\hibernate-core-6.6.26.Final.jar;C:\Users\vinif\.m2\repository\jakarta\persistence\jakarta.persistence-api\3.1.0\jakarta.persistence-api-3.1.0.jar;C:\Users\vinif\.m2\repository\jakarta\transaction\jakarta.transaction-api\2.0.1\jakarta.transaction-api-2.0.1.jar;C:\Users\vinif\.m2\repository\org\jboss\logging\jboss-logging\3.6.1.Final\jboss-logging-3.6.1.Final.jar;C:\Users\vinif\.m2\repository\org\hibernate\common\hibernate-commons-annotations\7.0.3.Final\hibernate-commons-annotations-7.0.3.Final.jar;C:\Users\vinif\.m2\repository\io\smallrye\jandex\3.2.0\jandex-3.2.0.jar;C:\Users\vinif\.m2\repository\com\fasterxml\classmate\1.7.0\classmate-1.7.0.jar;C:\Users\vinif\.m2\repository\org\glassfish\jaxb\jaxb-runtime\4.0.5\jaxb-runtime-4.0.5.jar;C:\Users\vinif\.m2\repository\org\glassfish\jaxb\jaxb-core\4.0.5\jaxb-core-4.0.5.jar;C:\Users\vinif\.m2\repository\org\eclipse\angus\angus-activation\2.0.2\angus-activation-2.0.2.jar;C:\Users\vinif\.m2\repository\org\glassfish\jaxb\txw2\4.0.5\txw2-4.0.5.jar;C:\Users\vinif\.m2\repository\com\sun\istack\istack-commons-runtime\4.1.2\istack-commons-runtime-4.1.2.jar;C:\Users\vinif\.m2\repository\jakarta\inject\jakarta.inject-api\2.0.1\jakarta.inject-api-2.0.1.jar;C:\Users\vinif\.m2\repository\org\antlr\antlr4-runtime\4.13.0\antlr4-runtime-4.13.0.jar;C:\Users\vinif\.m2\repository\org\springframework\data\spring-data-jpa\3.5.3\spring-data-jpa-3.5.3.jar;C:\Users\vinif\.m2\repository\org\springframework\data\spring-data-commons\3.5.3\spring-data-commons-3.5.3.jar;C:\Users\vinif\.m2\repository\org\springframework\spring-orm\6.2.10\spring-orm-6.2.10.jar;C:\Users\vinif\.m2\repository\org\springframework\spring-tx\6.2.10\spring-tx-6.2.10.jar;C:\Users\vinif\.m2\repository\org\springframework\spring-aspects\6.2.10\spring-aspects-6.2.10.jar;C:\Users\vinif\.m2\repository\org\aspectj\aspectjweaver\1.9.24\aspectjweaver-1.9.24.jar;C:\Users\vinif\.m2\repository\com\mysql\mysql-connector-j\8.1.0\mysql-connector-j-8.1.0.jar
Launcher Type: SUN_STANDARD

[Global flags]
     intx CICompilerCount                          = 4                                         {product} {ergonomic}
     uint ConcGCThreads                            = 3                                         {product} {ergonomic}
     bool FlightRecorder                           = true                                      {product} {management}
     uint G1ConcRefinementThreads                  = 10                                        {product} {ergonomic}
   size_t G1HeapRegionSize                         = 2097152                                   {product} {ergonomic}
   size_t InitialHeapSize                          = 268435456                                 {product} {ergonomic}
   size_t MarkStackSize                            = 4194304                                   {product} {ergonomic}
   size_t MarkStackSizeMax                         = 536870912                                 {product} {ergonomic}
   size_t MaxHeapSize                              = 4282384384                                {product} {ergonomic}
   size_t MaxNewSize                               = 2569011200                                {product} {ergonomic}
   size_t MinHeapDeltaBytes                        = 2097152                                   {product} {ergonomic}
   size_t MinHeapSize                              = 8388608                                   {product} {ergonomic}
    uintx NonNMethodCodeHeapSize                   = 5832704                                {pd product} {ergonomic}
    uintx NonProfiledCodeHeapSize                  = 122945536                              {pd product} {ergonomic}
    uintx ProfiledCodeHeapSize                     = 122880000                              {pd product} {ergonomic}
    uintx ReservedCodeCacheSize                    = 251658240                              {pd product} {ergonomic}
     bool SegmentedCodeCache                       = true                                      {product} {ergonomic}
   size_t SoftMaxHeapSize                          = 4282384384                             {manageable} {ergonomic}
     bool UseCompressedOops                        = true                           {product lp64_product} {ergonomic}
     bool UseG1GC                                  = true                                      {product} {ergonomic}
     bool UseLargePagesIndividualAllocation        = false                                  {pd product} {ergonomic}

Logging:
Log output configuration:
 #0: stdout all=warning uptime,level,tags foldmultilines=false
 #1: stderr all=off uptime,level,tags foldmultilines=false

Environment Variables:
PATH=C:\Program Files\Common Files\Oracle\Java\javapath;C:\Program Files (x86)\Common Files\Oracle\Java\javapath;C:\Windows\system32;C:\Windows;C:\Windows\System32\Wbem;C:\Windows\System32\WindowsPowerShell\v1.0\;C:\Windows\System32\OpenSSH\;C:\Program Files\Docker\Docker\resources\bin;C:\Program Files\Git\cmd;C:\ProgramData\ComposerSetup\bin;C:\Program Files\nodejs\;C:\Program Files\Go\bin;C:\Program Files\dotnet\;C:\Program Files\MySQL\MySQL Shell 8.0\bin\;C:\Users\vinif\AppData\Local\Programs\Python\Launcher\;C:\Users\vinif\AppData\Local\Microsoft\WindowsApps;E:\PyCharm 2024.3.4\bin;;C:\Users\vinif\AppData\Local\Programs\Microsoft VS Code\bin;C:\Users\vinif\AppData\Local\GitHubDesktop\bin;E:\IntelliJ IDEA 2024.3.5\bin;;C:\php;C:\sqlite;C:\Users\vinif\AppData\Roaming\Composer\vendor\bin;C:\Users\vinif\AppData\Roaming\npm;C:\Program Files\JetBrains\PhpStorm 2025.1.3\bin;;C:\Users\vinif\go\bin;C:\msys64\mingw64\bin;
USERNAME=vinif
OS=Windows_NT
PROCESSOR_IDENTIFIER=AMD64 Family 23 Model 113 Stepping 0, AuthenticAMD
TMP=C:\Users\vinif\AppData\Local\Temp
TEMP=C:\Users\vinif\AppData\Local\Temp




Periodic native trim disabled

---------------  S Y S T E M  ---------------

OS:
 Windows 11 , 64 bit Build 26100 (10.0.26100.4768)
OS uptime: 0 days 4:28 hours
Hyper-V role detected

CPU: total 12 (initial active 12) (12 cores per cpu, 2 threads per core) family 23 model 113 stepping 0 microcode 0x8701021, cx8, cmov, fxsr, ht, mmx, 3dnowpref, sse, sse2, sse3, ssse3, sse4a, sse4.1, sse4.2, popcnt, lzcnt, tsc, tscinvbit, avx, avx2, aes, clmul, bmi1, bmi2, adx, sha, fma, vzeroupper, clflush, clflushopt, hv, rdtscp, rdpid, f16c
Processor Information for the first 12 processors :
  Max Mhz: 3793, Current Mhz: 3793, Mhz Limit: 3793

Memory: 4k page, system-wide physical 16332M (7212M free)
TotalPageFile size 20684M (AvailPageFile size 7291M)
current process WorkingSet (physical memory assigned to process): 95M, peak: 97M
current process commit charge ("private bytes"): 399M, peak: 406M

vm_info: OpenJDK 64-Bit Server VM (24+36-3646) for windows-amd64 JRE (24+36-3646), built on 2025-02-06T00:20:43Z with MS VC++ 17.6 (VS2022)

END.
